<?xml version="1.0" encoding="UTF-8"?>
<!-- Generated by org.testng.reporters.JUnitXMLReporter -->
<testsuite hostname="ATMECSINLT-031" ignored="0" name="Test" tests="19" failures="0" timestamp="2019-10-09T10:41:04 IST" time="66.753" errors="0">
  <testcase name="positiveProductOutcome" time="3.303" classname="com.Konakart.Testscript.ProductOutcome"/>
  <testcase name="positiveProductOutcome" time="3.493" classname="com.Konakart.Testscript.ProductOutcome"/>
  <testcase name="positiveProductOutcome" time="3.263" classname="com.Konakart.Testscript.ProductOutcome"/>
  <testcase name="positiveProductOutcome" time="2.95" classname="com.Konakart.Testscript.ProductOutcome"/>
  <testcase name="positiveProductOutcome" time="2.857" classname="com.Konakart.Testscript.ProductOutcome"/>
  <testcase name="positiveProductOutcome" time="3.296" classname="com.Konakart.Testscript.ProductOutcome"/>
  <testcase name="positiveProductOutcome" time="3.566" classname="com.Konakart.Testscript.ProductOutcome"/>
  <testcase name="positiveProductOutcome" time="3.333" classname="com.Konakart.Testscript.ProductOutcome"/>
  <testcase name="positiveProductOutcome" time="3.074" classname="com.Konakart.Testscript.ProductOutcome"/>
  <testcase name="positiveProductOutcome" time="3.047" classname="com.Konakart.Testscript.ProductOutcome"/>
  <testcase name="negativeProductOutcome" time="2.983" classname="com.Konakart.Testscript.ProductOutcome"/>
  <testcase name="negativeProductOutcome" time="2.931" classname="com.Konakart.Testscript.ProductOutcome"/>
  <testcase name="negativeProductOutcome" time="2.599" classname="com.Konakart.Testscript.ProductOutcome"/>
  <testcase name="negativeProductOutcome" time="2.811" classname="com.Konakart.Testscript.ProductOutcome"/>
  <testcase name="negativeProductOutcome" time="3.088" classname="com.Konakart.Testscript.ProductOutcome"/>
  <testcase name="negativeProductOutcome" time="2.971" classname="com.Konakart.Testscript.ProductOutcome"/>
  <testcase name="negativeProductOutcome" time="2.587" classname="com.Konakart.Testscript.ProductOutcome"/>
  <testcase name="negativeProductOutcome" time="3.026" classname="com.Konakart.Testscript.ProductOutcome"/>
  <testcase name="negativeProductOutcome" time="2.795" classname="com.Konakart.Testscript.ProductOutcome"/>
</testsuite> <!-- Test -->
